<?xml version="1.0" encoding="UTF-8"?>
<testsuite xmlns:xsi="http://www.w3.org/2001/XMLSchema-instance" xsi:noNamespaceSchemaLocation="https://maven.apache.org/surefire/maven-surefire-plugin/xsd/surefire-test-report-3.0.xsd" version="3.0" name="com.assignment.DogPersonTest" time="0.929" tests="5" errors="0" skipped="0" failures="0">
  <properties>
[...]
</properties>
  <testcase name="testChangeDogsNameWithDog" classname="com.assignment.DogPersonTest" time="0.585"/>
  <testcase name="testPersonWithOldDog" classname="com.assignment.DogPersonTest" time="0.032"/>
  <testcase name="testChangeDogsNameWithoutDog" classname="com.assignment.DogPersonTest" time="0.021"/>
  <testcase name="testDogCreation" classname="com.assignment.DogPersonTest" time="0.028"/>
  <testcase name="testPersonWithoutDog" classname="com.assignment.DogPersonTest" time="0.012"/>
</testsuite>